Compilación iniciada a las 02/10/2015 21:05:24.
     1>Proyecto "C:\Users\Master\Documents\UPC - UNIVERSITAT POLITECNICA\VideoJuegos CITM\3r - Desarrollo Videojuegos\Game-Development\Pintar mapa\Motor2D\Motor2D.vcxproj" en el nodo 2 (Build destinos).
     1>ClCompile:
         C:\Program Files (x86)\Microsoft Visual Studio 12.0\VC\bin\CL.exe /c /ZI /nologo /W3 /WX- /sdl /Od /Oy- /D _ITERATOR_DEBUG_LEVEL=0 /D _MBCS /Gm /EHsc /RTC1 /MD /GS /fp:precise /Zc:wchar_t /Zc:forScope /Fo"Debug\\" /Fd"Debug\vc120.pdb" /Gd /TP /analyze- /errorReport:prompt j1FileSystem.cpp j1Main.cpp j1App.cpp j1Audio.cpp j1Input.cpp j1Map.cpp j1Scene.cpp p2Log.cpp j1Render.cpp j1Textures.cpp j1Window.cpp PugiXml\src\pugixml.cpp
         pugixml.cpp
         j1Window.cpp
         j1Textures.cpp
         j1Render.cpp
         p2Log.cpp
         j1Scene.cpp
         j1Map.cpp
     1>c:\users\master\documents\upc - universitat politecnica\videojuegos citm\3r - desarrollo videojuegos\game-development\pintar mapa\motor2d\j1map.cpp(293): warning C4552: '*' : el operador no tiene efecto; se esperaba un operador con efecto secundario
         j1Input.cpp
         j1Audio.cpp
         j1App.cpp
         j1Main.cpp
         j1FileSystem.cpp
         Generando código...
       Link:
         C:\Program Files (x86)\Microsoft Visual Studio 12.0\VC\bin\link.exe /ERRORREPORT:PROMPT /OUT:"C:\Users\Master\Documents\UPC - UNIVERSITAT POLITECNICA\VideoJuegos CITM\3r - Desarrollo Videojuegos\Game-Development\Pintar mapa\Debug\Motor 2D.exe" /INCREMENTAL /NOLOGO kernel32.lib user32.lib gdi32.lib winspool.lib comdlg32.lib advapi32.lib shell32.lib ole32.lib oleaut32.lib uuid.lib odbc32.lib odbccp32.lib /MANIFEST /MANIFESTUAC:"level='asInvoker' uiAccess='false'" /manifest:embed /DEBUG /PDB:"C:\Users\Master\Documents\UPC - UNIVERSITAT POLITECNICA\VideoJuegos CITM\3r - Desarrollo Videojuegos\Game-Development\Pintar mapa\Debug\Motor 2D.pdb" /SUBSYSTEM:WINDOWS /TLBID:1 /DYNAMICBASE /NXCOMPAT /IMPLIB:"C:\Users\Master\Documents\UPC - UNIVERSITAT POLITECNICA\VideoJuegos CITM\3r - Desarrollo Videojuegos\Game-Development\Pintar mapa\Debug\Motor 2D.lib" /MACHINE:X86 Debug\j1FileSystem.obj
         Debug\j1Main.obj
         Debug\j1App.obj
         Debug\j1Audio.obj
         Debug\j1Input.obj
         Debug\j1Map.obj
         Debug\j1Scene.obj
         Debug\p2Log.obj
         Debug\j1Render.obj
         Debug\j1Textures.obj
         Debug\j1Window.obj
         Debug\pugixml.obj
            Creando biblioteca C:\Users\Master\Documents\UPC - UNIVERSITAT POLITECNICA\VideoJuegos CITM\3r - Desarrollo Videojuegos\Game-Development\Pintar mapa\Debug\Motor 2D.lib y objeto C:\Users\Master\Documents\UPC - UNIVERSITAT POLITECNICA\VideoJuegos CITM\3r - Desarrollo Videojuegos\Game-Development\Pintar mapa\Debug\Motor 2D.exp
         Motor2D.vcxproj -> C:\Users\Master\Documents\UPC - UNIVERSITAT POLITECNICA\VideoJuegos CITM\3r - Desarrollo Videojuegos\Game-Development\Pintar mapa\Debug\Motor 2D.exe
     1>Compilación del proyecto terminada "C:\Users\Master\Documents\UPC - UNIVERSITAT POLITECNICA\VideoJuegos CITM\3r - Desarrollo Videojuegos\Game-Development\Pintar mapa\Motor2D\Motor2D.vcxproj" (Build destinos).

Compilación correcta.

Tiempo transcurrido 00:00:11.42
